# JRE version: Java(TM) SE Runtime Environment (8.0_45-b15) (build 1.8.0_45-b15)
# Java VM: Java HotSpot(TM) 64-Bit Server VM (25.45-b02 mixed mode windows-amd64 compressed oops)
Heap:
 PSYoungGen      total 66560K, used 65174K [0x00000000f5580000, 0x00000000f9f80000, 0x0000000100000000)
  eden space 60416K, 99% used [0x00000000f5580000,0x00000000f907d858,0x00000000f9080000)
  from space 6144K, 77% used [0x00000000f9980000,0x00000000f9e28020,0x00000000f9f80000)
  to   space 7680K, 57% used [0x00000000f9080000,0x00000000f94d4090,0x00000000f9800000)
 ParOldGen       total 72192K, used 15899K [0x00000000e0000000, 0x00000000e4680000, 0x00000000f5580000)
  object space 72192K, 22% used [0x00000000e0000000,0x00000000e0f86c48,0x00000000e4680000)
 Metaspace       used 52127K, capacity 69542K, committed 69888K, reserved 1112064K
  class space    used 5817K, capacity 6316K, committed 6400K, reserved 1048576K
GC Heap History (10 events):
Event: 48564.890 GC heap after
Heap after GC invocations=29 (full 3):
 PSYoungGen      total 72704K, used 3523K [0x00000000f5580000, 0x00000000fa680000, 0x0000000100000000)
  eden space 66560K, 0% used [0x00000000f5580000,0x00000000f5580000,0x00000000f9680000)
  from space 6144K, 57% used [0x00000000fa080000,0x00000000fa3f0cd0,0x00000000fa680000)
  to   space 8192K, 0% used [0x00000000f9680000,0x00000000f9680000,0x00000000f9e80000)
 ParOldGen       total 72192K, used 15859K [0x00000000e0000000, 0x00000000e4680000, 0x00000000f5580000)
  object space 72192K, 21% used [0x00000000e0000000,0x00000000e0f7cc48,0x00000000e4680000)
 Metaspace       used 44386K, capacity 54036K, committed 54400K, reserved 1097728K
  class space    used 4906K, capacity 5222K, committed 5504K, reserved 1048576K
}
Event: 49566.120 GC heap before
{Heap before GC invocations=30 (full 3):
 PSYoungGen      total 72704K, used 70083K [0x00000000f5580000, 0x00000000fa680000, 0x0000000100000000)
  eden space 66560K, 100% used [0x00000000f5580000,0x00000000f9680000,0x00000000f9680000)
  from space 6144K, 57% used [0x00000000fa080000,0x00000000fa3f0cd0,0x00000000fa680000)
  to   space 8192K, 0% used [0x00000000f9680000,0x00000000f9680000,0x00000000f9e80000)
 ParOldGen       total 72192K, used 15859K [0x00000000e0000000, 0x00000000e4680000, 0x00000000f5580000)
  object space 72192K, 21% used [0x00000000e0000000,0x00000000e0f7cc48,0x00000000e4680000)
 Metaspace       used 45430K, capacity 56130K, committed 56448K, reserved 1099776K
  class space    used 5033K, capacity 5376K, committed 5504K, reserved 1048576K
Event: 49566.126 GC heap after
Heap after GC invocations=30 (full 3):
 PSYoungGen      total 69632K, used 4518K [0x00000000f5580000, 0x00000000fa500000, 0x0000000100000000)
  eden space 65024K, 0% used [0x00000000f5580000,0x00000000f5580000,0x00000000f9500000)
  from space 4608K, 98% used [0x00000000f9680000,0x00000000f9ae9b98,0x00000000f9b00000)
  to   space 8192K, 0% used [0x00000000f9d00000,0x00000000f9d00000,0x00000000fa500000)
 ParOldGen       total 72192K, used 15867K [0x00000000e0000000, 0x00000000e4680000, 0x00000000f5580000)
  object space 72192K, 21% used [0x00000000e0000000,0x00000000e0f7ec48,0x00000000e4680000)
 Metaspace       used 45430K, capacity 56130K, committed 56448K, reserved 1099776K
  class space    used 5033K, capacity 5376K, committed 5504K, reserved 1048576K
}
Event: 49742.953 GC heap before
{Heap before GC invocations=31 (full 3):
 PSYoungGen      total 69632K, used 69542K [0x00000000f5580000, 0x00000000fa500000, 0x0000000100000000)
  eden space 65024K, 100% used [0x00000000f5580000,0x00000000f9500000,0x00000000f9500000)
  from space 4608K, 98% used [0x00000000f9680000,0x00000000f9ae9b98,0x00000000f9b00000)
  to   space 8192K, 0% used [0x00000000f9d00000,0x00000000f9d00000,0x00000000fa500000)
 ParOldGen       total 72192K, used 15867K [0x00000000e0000000, 0x00000000e4680000, 0x00000000f5580000)
  object space 72192K, 21% used [0x00000000e0000000,0x00000000e0f7ec48,0x00000000e4680000)
 Metaspace       used 47436K, capacity 60276K, committed 60544K, reserved 1103872K
  class space    used 5275K, capacity 5670K, committed 5760K, reserved 1048576K
Event: 49742.958 GC heap after
Heap after GC invocations=31 (full 3):
 PSYoungGen      total 69120K, used 3856K [0x00000000f5580000, 0x00000000fa280000, 0x0000000100000000)
  eden space 63488K, 0% used [0x00000000f5580000,0x00000000f5580000,0x00000000f9380000)
  from space 5632K, 68% used [0x00000000f9d00000,0x00000000fa0c4050,0x00000000fa280000)
  to   space 7680K, 0% used [0x00000000f9380000,0x00000000f9380000,0x00000000f9b00000)
 ParOldGen       total 72192K, used 15875K [0x00000000e0000000, 0x00000000e4680000, 0x00000000f5580000)
  object space 72192K, 21% used [0x00000000e0000000,0x00000000e0f80c48,0x00000000e4680000)
 Metaspace       used 47436K, capacity 60276K, committed 60544K, reserved 1103872K
  class space    used 5275K, capacity 5670K, committed 5760K, reserved 1048576K
}
Event: 49755.120 GC heap before
{Heap before GC invocations=32 (full 3):
 PSYoungGen      total 69120K, used 67344K [0x00000000f5580000, 0x00000000fa280000, 0x0000000100000000)
  eden space 63488K, 100% used [0x00000000f5580000,0x00000000f9380000,0x00000000f9380000)
  from space 5632K, 68% used [0x00000000f9d00000,0x00000000fa0c4050,0x00000000fa280000)
  to   space 7680K, 0% used [0x00000000f9380000,0x00000000f9380000,0x00000000f9b00000)
 ParOldGen       total 72192K, used 15875K [0x00000000e0000000, 0x00000000e4680000, 0x00000000f5580000)
  object space 72192K, 21% used [0x00000000e0000000,0x00000000e0f80c48,0x00000000e4680000)
 Metaspace       used 49626K, capacity 64626K, committed 64896K, reserved 1107968K
  class space    used 5522K, capacity 5968K, committed 6016K, reserved 1048576K
Event: 49755.125 GC heap after
Heap after GC invocations=32 (full 3):
 PSYoungGen      total 66560K, used 4160K [0x00000000f5580000, 0x00000000fa100000, 0x0000000100000000)
  eden space 61952K, 0% used [0x00000000f5580000,0x00000000f5580000,0x00000000f9200000)
  from space 4608K, 90% used [0x00000000f9380000,0x00000000f9790080,0x00000000f9800000)
  to   space 7680K, 0% used [0x00000000f9980000,0x00000000f9980000,0x00000000fa100000)
 ParOldGen       total 72192K, used 15883K [0x00000000e0000000, 0x00000000e4680000, 0x00000000f5580000)
  object space 72192K, 22% used [0x00000000e0000000,0x00000000e0f82c48,0x00000000e4680000)
 Metaspace       used 49626K, capacity 64626K, committed 64896K, reserved 1107968K
  class space    used 5522K, capacity 5968K, committed 6016K, reserved 1048576K
}
Event: 50367.446 GC heap before
{Heap before GC invocations=33 (full 3):
 PSYoungGen      total 66560K, used 66112K [0x00000000f5580000, 0x00000000fa100000, 0x0000000100000000)
  eden space 61952K, 100% used [0x00000000f5580000,0x00000000f9200000,0x00000000f9200000)
  from space 4608K, 90% used [0x00000000f9380000,0x00000000f9790080,0x00000000f9800000)
  to   space 7680K, 0% used [0x00000000f9980000,0x00000000f9980000,0x00000000fa100000)
 ParOldGen       total 72192K, used 15883K [0x00000000e0000000, 0x00000000e4680000, 0x00000000f5580000)
  object space 72192K, 22% used [0x00000000e0000000,0x00000000e0f82c48,0x00000000e4680000)
 Metaspace       used 51691K, capacity 68582K, committed 68736K, reserved 1112064K
  class space    used 5762K, capacity 6244K, committed 6272K, reserved 1048576K
Event: 50367.452 GC heap after
Heap after GC invocations=33 (full 3):
 PSYoungGen      total 66560K, used 4768K [0x00000000f5580000, 0x00000000f9f80000, 0x0000000100000000)
  eden space 60416K, 0% used [0x00000000f5580000,0x00000000f5580000,0x00000000f9080000)
  from space 6144K, 77% used [0x00000000f9980000,0x00000000f9e28020,0x00000000f9f80000)
  to   space 7680K, 0% used [0x00000000f9080000,0x00000000f9080000,0x00000000f9800000)
 ParOldGen       total 72192K, used 15891K [0x00000000e0000000, 0x00000000e4680000, 0x00000000f5580000)
  object space 72192K, 22% used [0x00000000e0000000,0x00000000e0f84c48,0x00000000e4680000)
 Metaspace       used 51691K, capacity 68582K, committed 68736K, reserved 1112064K
  class space    used 5762K, capacity 6244K, committed 6272K, reserved 1048576K
}
Event: 56270.560 GC heap before
{Heap before GC invocations=34 (full 3):
 PSYoungGen      total 66560K, used 65174K [0x00000000f5580000, 0x00000000f9f80000, 0x0000000100000000)
  eden space 60416K, 99% used [0x00000000f5580000,0x00000000f907d858,0x00000000f9080000)
  from space 6144K, 77% used [0x00000000f9980000,0x00000000f9e28020,0x00000000f9f80000)
  to   space 7680K, 0% used [0x00000000f9080000,0x00000000f9080000,0x00000000f9800000)
 ParOldGen       total 72192K, used 15891K [0x00000000e0000000, 0x00000000e4680000, 0x00000000f5580000)
  object space 72192K, 22% used [0x00000000e0000000,0x00000000e0f84c48,0x00000000e4680000)
 Metaspace       used 52127K, capacity 69542K, committed 69888K, reserved 1112064K
  class space    used 5817K, capacity 6316K, committed 6400K, reserved 1048576K

